2024-09-08T03:14:18.806-03:00 - error: Unable to run server: SequelizeConnectionRefusedError: connect ECONNREFUSED 127.0.0.1:3306 - server.ts)
2024-09-08T03:14:48.141-03:00 - error: Unable to run server: SequelizeConnectionRefusedError: connect ECONNREFUSED 127.0.0.1:3306 - server.ts)
2024-09-08T14:42:18.889-03:00 - error: uncaughtException: write EPIPE
Error: write EPIPE
    at process.target._send (node:internal/child_process:879:20)
    at process.target.send (node:internal/child_process:752:19)
    at Object.exports.send (/home/Documents/Repository/gestaoDeTarefasTS/backend/node_modules/ts-node-dev/lib/ipc.js:17:14)
    at /home/Documents/Repository/gestaoDeTarefasTS/backend/node_modules/ts-node-dev/lib/wrap.js:88:9
    at Object.nodeDevHook [as .js] (/home/Documents/Repository/gestaoDeTarefasTS/backend/node_modules/ts-node-dev/lib/hook.js:61:17)
    at Module.load (node:internal/modules/cjs/loader:1288:32)
    at Function.Module._load (node:internal/modules/cjs/loader:1104:12)
    at Module.require (node:internal/modules/cjs/loader:1311:19)
    at require (node:internal/modules/helpers:179:18)
    at ClientHandshake.handshakeResult (/home/Documents/Repository/gestaoDeTarefasTS/backend/node_modules/mysql2/lib/commands/client_handshake.js:177:26))
2024-09-09T07:57:23.483-03:00 - error: uncaughtException: Cannot read properties of undefined (reading 'field')
TypeError: Cannot read properties of undefined (reading 'field')
    at HasMany._injectAttributes (/home/joaomenezes/Documents/projects/SistemadeGestaodeTarefas/backend/node_modules/sequelize/src/associations/has-many.js:140:69)
    at Function.hasMany (/home/joaomenezes/Documents/projects/SistemadeGestaodeTarefas/backend/node_modules/sequelize/src/associations/mixin.js:37:17)
    at Object.<anonymous> (/home/joaomenezes/Documents/projects/SistemadeGestaodeTarefas/backend/src/models/associations.ts:4:11)
    at Module._compile (node:internal/modules/cjs/loader:1198:14)
    at Module._compile (/home/joaomenezes/Documents/projects/SistemadeGestaodeTarefas/backend/node_modules/source-map-support/source-map-support.js:568:25)
    at Module.m._compile (/tmp/ts-node-dev-hook-702787752018609.js:69:33)
    at Module._extensions..js (node:internal/modules/cjs/loader:1252:10)
    at require.extensions..jsx.require.extensions..js (/tmp/ts-node-dev-hook-702787752018609.js:114:20)
    at require.extensions.<computed> (/tmp/ts-node-dev-hook-702787752018609.js:71:20)
    at Object.nodeDevHook [as .ts] (/home/joaomenezes/Documents/projects/SistemadeGestaodeTarefas/backend/node_modules/ts-node-dev/lib/hook.js:63:13))
2024-09-09T07:57:56.764-03:00 - error: uncaughtException: Cannot read properties of undefined (reading 'field')
TypeError: Cannot read properties of undefined (reading 'field')
    at HasMany._injectAttributes (/home/joaomenezes/Documents/projects/SistemadeGestaodeTarefas/backend/node_modules/sequelize/src/associations/has-many.js:140:69)
    at Function.hasMany (/home/joaomenezes/Documents/projects/SistemadeGestaodeTarefas/backend/node_modules/sequelize/src/associations/mixin.js:37:17)
    at Object.<anonymous> (/home/joaomenezes/Documents/projects/SistemadeGestaodeTarefas/backend/src/models/associations.ts:4:11)
    at Module._compile (node:internal/modules/cjs/loader:1198:14)
    at Module._compile (/home/joaomenezes/Documents/projects/SistemadeGestaodeTarefas/backend/node_modules/source-map-support/source-map-support.js:568:25)
    at Module.m._compile (/tmp/ts-node-dev-hook-712347685923757.js:69:33)
    at Module._extensions..js (node:internal/modules/cjs/loader:1252:10)
    at require.extensions..jsx.require.extensions..js (/tmp/ts-node-dev-hook-712347685923757.js:114:20)
    at require.extensions.<computed> (/tmp/ts-node-dev-hook-712347685923757.js:71:20)
    at Object.nodeDevHook [as .ts] (/home/joaomenezes/Documents/projects/SistemadeGestaodeTarefas/backend/node_modules/ts-node-dev/lib/hook.js:63:13))
2024-09-09T07:58:53.197-03:00 - error: uncaughtException: Cannot read properties of undefined (reading 'field')
TypeError: Cannot read properties of undefined (reading 'field')
    at HasMany._injectAttributes (/home/joaomenezes/Documents/projects/SistemadeGestaodeTarefas/backend/node_modules/sequelize/src/associations/has-many.js:140:69)
    at Function.hasMany (/home/joaomenezes/Documents/projects/SistemadeGestaodeTarefas/backend/node_modules/sequelize/src/associations/mixin.js:37:17)
    at Object.<anonymous> (/home/joaomenezes/Documents/projects/SistemadeGestaodeTarefas/backend/src/models/associations.ts:4:11)
    at Module._compile (node:internal/modules/cjs/loader:1198:14)
    at Module._compile (/home/joaomenezes/Documents/projects/SistemadeGestaodeTarefas/backend/node_modules/source-map-support/source-map-support.js:568:25)
    at Module.m._compile (/tmp/ts-node-dev-hook-7139259968403562.js:69:33)
    at Module._extensions..js (node:internal/modules/cjs/loader:1252:10)
    at require.extensions..jsx.require.extensions..js (/tmp/ts-node-dev-hook-7139259968403562.js:114:20)
    at require.extensions.<computed> (/tmp/ts-node-dev-hook-7139259968403562.js:71:20)
    at Object.nodeDevHook [as .ts] (/home/joaomenezes/Documents/projects/SistemadeGestaodeTarefas/backend/node_modules/ts-node-dev/lib/hook.js:63:13))
2024-09-09T07:59:29.183-03:00 - error: uncaughtException: Cannot read properties of undefined (reading 'field')
TypeError: Cannot read properties of undefined (reading 'field')
    at HasMany._injectAttributes (/home/joaomenezes/Documents/projects/SistemadeGestaodeTarefas/backend/node_modules/sequelize/src/associations/has-many.js:140:69)
    at Function.hasMany (/home/joaomenezes/Documents/projects/SistemadeGestaodeTarefas/backend/node_modules/sequelize/src/associations/mixin.js:37:17)
    at Object.<anonymous> (/home/joaomenezes/Documents/projects/SistemadeGestaodeTarefas/backend/src/models/associations.ts:4:11)
    at Module._compile (node:internal/modules/cjs/loader:1198:14)
    at Module._compile (/home/joaomenezes/Documents/projects/SistemadeGestaodeTarefas/backend/node_modules/source-map-support/source-map-support.js:568:25)
    at Module.m._compile (/tmp/ts-node-dev-hook-531089323533694.js:69:33)
    at Module._extensions..js (node:internal/modules/cjs/loader:1252:10)
    at require.extensions..jsx.require.extensions..js (/tmp/ts-node-dev-hook-531089323533694.js:114:20)
    at require.extensions.<computed> (/tmp/ts-node-dev-hook-531089323533694.js:71:20)
    at Object.nodeDevHook [as .ts] (/home/joaomenezes/Documents/projects/SistemadeGestaodeTarefas/backend/node_modules/ts-node-dev/lib/hook.js:63:13))
2024-09-09T07:59:51.227-03:00 - error: Unable to run server: SequelizeDatabaseError: Incorrect table definition; there can be only one auto column and it must be defined as a key)
2024-09-09T07:59:55.927-03:00 - error: uncaughtException: Cannot read properties of undefined (reading 'field')
TypeError: Cannot read properties of undefined (reading 'field')
    at HasMany._injectAttributes (/home/joaomenezes/Documents/projects/SistemadeGestaodeTarefas/backend/node_modules/sequelize/src/associations/has-many.js:140:69)
    at Function.hasMany (/home/joaomenezes/Documents/projects/SistemadeGestaodeTarefas/backend/node_modules/sequelize/src/associations/mixin.js:37:17)
    at Object.<anonymous> (/home/joaomenezes/Documents/projects/SistemadeGestaodeTarefas/backend/src/models/associations.ts:4:11)
    at Module._compile (node:internal/modules/cjs/loader:1198:14)
    at Module._compile (/home/joaomenezes/Documents/projects/SistemadeGestaodeTarefas/backend/node_modules/source-map-support/source-map-support.js:568:25)
    at Module.m._compile (/tmp/ts-node-dev-hook-531089323533694.js:69:33)
    at Module._extensions..js (node:internal/modules/cjs/loader:1252:10)
    at require.extensions..jsx.require.extensions..js (/tmp/ts-node-dev-hook-531089323533694.js:114:20)
    at require.extensions.<computed> (/tmp/ts-node-dev-hook-531089323533694.js:71:20)
    at Object.nodeDevHook [as .ts] (/home/joaomenezes/Documents/projects/SistemadeGestaodeTarefas/backend/node_modules/ts-node-dev/lib/hook.js:63:13))
2024-09-09T08:00:26.539-03:00 - error: uncaughtException: Cannot read properties of undefined (reading 'field')
TypeError: Cannot read properties of undefined (reading 'field')
    at HasMany._injectAttributes (/home/joaomenezes/Documents/projects/SistemadeGestaodeTarefas/backend/node_modules/sequelize/src/associations/has-many.js:140:69)
    at Function.hasMany (/home/joaomenezes/Documents/projects/SistemadeGestaodeTarefas/backend/node_modules/sequelize/src/associations/mixin.js:37:17)
    at Object.<anonymous> (/home/joaomenezes/Documents/projects/SistemadeGestaodeTarefas/backend/src/models/associations.ts:4:11)
    at Module._compile (node:internal/modules/cjs/loader:1358:14)
    at Module._compile (/home/joaomenezes/Documents/projects/SistemadeGestaodeTarefas/backend/node_modules/source-map-support/source-map-support.js:568:25)
    at Module.m._compile (/tmp/ts-node-dev-hook-4685027547050684.js:69:33)
    at Module._extensions..js (node:internal/modules/cjs/loader:1416:10)
    at require.extensions..jsx.require.extensions..js (/tmp/ts-node-dev-hook-4685027547050684.js:114:20)
    at require.extensions.<computed> (/tmp/ts-node-dev-hook-4685027547050684.js:71:20)
    at Object.nodeDevHook [as .ts] (/home/joaomenezes/Documents/projects/SistemadeGestaodeTarefas/backend/node_modules/ts-node-dev/lib/hook.js:63:13))
2024-09-09T08:13:59.232-03:00 - error: Unable to run server: SequelizeDatabaseError: Incorrect table definition; there can be only one auto column and it must be defined as a key)
2024-09-09T08:14:16.562-03:00 - error: uncaughtException: Cannot read properties of undefined (reading 'field')
TypeError: Cannot read properties of undefined (reading 'field')
    at HasMany._injectAttributes (/home/joaomenezes/Documents/projects/SistemadeGestaodeTarefas/backend/node_modules/sequelize/src/associations/has-many.js:140:69)
    at Function.hasMany (/home/joaomenezes/Documents/projects/SistemadeGestaodeTarefas/backend/node_modules/sequelize/src/associations/mixin.js:37:17)
    at Object.<anonymous> (/home/joaomenezes/Documents/projects/SistemadeGestaodeTarefas/backend/src/models/associations.ts:4:11)
    at Module._compile (node:internal/modules/cjs/loader:1358:14)
    at Module._compile (/home/joaomenezes/Documents/projects/SistemadeGestaodeTarefas/backend/node_modules/source-map-support/source-map-support.js:568:25)
    at Module.m._compile (/tmp/ts-node-dev-hook-4685027547050684.js:69:33)
    at Module._extensions..js (node:internal/modules/cjs/loader:1416:10)
    at require.extensions..jsx.require.extensions..js (/tmp/ts-node-dev-hook-4685027547050684.js:114:20)
    at require.extensions.<computed> (/tmp/ts-node-dev-hook-4685027547050684.js:71:20)
    at Object.nodeDevHook [as .ts] (/home/joaomenezes/Documents/projects/SistemadeGestaodeTarefas/backend/node_modules/ts-node-dev/lib/hook.js:63:13))
2024-09-09T08:47:15.228-03:00 - error: uncaughtException: Cannot read properties of undefined (reading 'field')
TypeError: Cannot read properties of undefined (reading 'field')
    at HasMany._injectAttributes (/home/joaomenezes/Documents/projects/SistemadeGestaodeTarefas/backend/node_modules/sequelize/src/associations/has-many.js:140:69)
    at Function.hasMany (/home/joaomenezes/Documents/projects/SistemadeGestaodeTarefas/backend/node_modules/sequelize/src/associations/mixin.js:37:17)
    at Object.<anonymous> (/home/joaomenezes/Documents/projects/SistemadeGestaodeTarefas/backend/src/models/associations.ts:4:11)
    at Module._compile (node:internal/modules/cjs/loader:1198:14)
    at Module._compile (/home/joaomenezes/Documents/projects/SistemadeGestaodeTarefas/backend/node_modules/source-map-support/source-map-support.js:568:25)
    at Module.m._compile (/tmp/ts-node-dev-hook-5708618919939676.js:69:33)
    at Module._extensions..js (node:internal/modules/cjs/loader:1252:10)
    at require.extensions..jsx.require.extensions..js (/tmp/ts-node-dev-hook-5708618919939676.js:114:20)
    at require.extensions.<computed> (/tmp/ts-node-dev-hook-5708618919939676.js:71:20)
    at Object.nodeDevHook [as .ts] (/home/joaomenezes/Documents/projects/SistemadeGestaodeTarefas/backend/node_modules/ts-node-dev/lib/hook.js:63:13))
2024-09-09T09:10:40.947-03:00 - error: uncaughtException: Cannot read properties of undefined (reading 'field')
TypeError: Cannot read properties of undefined (reading 'field')
    at HasMany._injectAttributes (/home/joaomenezes/Documents/projects/SistemadeGestaodeTarefas/backend/node_modules/sequelize/src/associations/has-many.js:140:69)
    at Function.hasMany (/home/joaomenezes/Documents/projects/SistemadeGestaodeTarefas/backend/node_modules/sequelize/src/associations/mixin.js:37:17)
    at Object.<anonymous> (/home/joaomenezes/Documents/projects/SistemadeGestaodeTarefas/backend/src/models/associations.ts:4:11)
    at Module._compile (node:internal/modules/cjs/loader:1198:14)
    at Module._compile (/home/joaomenezes/Documents/projects/SistemadeGestaodeTarefas/backend/node_modules/source-map-support/source-map-support.js:568:25)
    at Module.m._compile (/tmp/ts-node-dev-hook-12636334221624246.js:69:33)
    at Module._extensions..js (node:internal/modules/cjs/loader:1252:10)
    at require.extensions..jsx.require.extensions..js (/tmp/ts-node-dev-hook-12636334221624246.js:114:20)
    at require.extensions.<computed> (/tmp/ts-node-dev-hook-12636334221624246.js:71:20)
    at Object.nodeDevHook [as .ts] (/home/joaomenezes/Documents/projects/SistemadeGestaodeTarefas/backend/node_modules/ts-node-dev/lib/hook.js:63:13))
2024-09-09T09:12:32.292-03:00 - error: Unable to run server: SequelizeDatabaseError: Incorrect table definition; there can be only one auto column and it must be defined as a key)
2024-09-09T09:15:02.678-03:00 - error: Unable to run server: SequelizeDatabaseError: Incorrect table definition; there can be only one auto column and it must be defined as a key)
2024-09-09T09:15:22.255-03:00 - error: Unable to run server: SequelizeDatabaseError: Failed to add the foreign key constraint. Missing column 'id' for constraint 'tasks_ibfk_1' in the referenced table 'users')
2024-09-09T09:15:32.343-03:00 - error: Unable to run server: SequelizeDatabaseError: Failed to add the foreign key constraint. Missing column 'id' for constraint 'tasks_ibfk_1' in the referenced table 'users')
2024-09-09T09:15:49.893-03:00 - error: Unable to run server: SequelizeDatabaseError: Failed to add the foreign key constraint. Missing column 'id' for constraint 'tasks_ibfk_1' in the referenced table 'users')
2024-09-09T09:16:17.201-03:00 - error: Unable to run server: SequelizeDatabaseError: Failed to add the foreign key constraint. Missing column 'id' for constraint 'tasks_ibfk_1' in the referenced table 'users')
2024-09-09T09:16:34.371-03:00 - error: Unable to run server: SequelizeDatabaseError: Failed to add the foreign key constraint. Missing column 'id' for constraint 'tasks_ibfk_1' in the referenced table 'users')
2024-09-09T10:56:57.845-03:00 - error: uncaughtException: Cannot find module 'config'
Require stack:
- /home/joaomenezes/Documents/projects/SistemadeGestaodeTarefas/backend/src/shared/core/http-server.ts
- /home/joaomenezes/Documents/projects/SistemadeGestaodeTarefas/backend/src/server.ts
Error: Cannot find module 'config'
Require stack:
- /home/joaomenezes/Documents/projects/SistemadeGestaodeTarefas/backend/src/shared/core/http-server.ts
- /home/joaomenezes/Documents/projects/SistemadeGestaodeTarefas/backend/src/server.ts
    at Function.Module._resolveFilename (node:internal/modules/cjs/loader:1028:15)
    at Function.Module._load (node:internal/modules/cjs/loader:873:27)
    at Module.require (node:internal/modules/cjs/loader:1100:19)
    at require (node:internal/modules/cjs/helpers:119:18)
    at Object.<anonymous> (/home/joaomenezes/Documents/projects/SistemadeGestaodeTarefas/backend/src/shared/core/http-server.ts:4:16)
    at Module._compile (node:internal/modules/cjs/loader:1198:14)
    at Module._compile (/home/joaomenezes/Documents/projects/SistemadeGestaodeTarefas/backend/node_modules/source-map-support/source-map-support.js:568:25)
    at Module.m._compile (/tmp/ts-node-dev-hook-005852519290557856.js:69:33)
    at Module._extensions..js (node:internal/modules/cjs/loader:1252:10)
    at require.extensions..jsx.require.extensions..js (/tmp/ts-node-dev-hook-005852519290557856.js:114:20))
2024-09-09T11:01:52.845-03:00 - error: uncaughtException: Cannot find module 'config'
Require stack:
- /home/joaomenezes/Documents/projects/SistemadeGestaodeTarefas/backend/src/shared/core/http-server.ts
- /home/joaomenezes/Documents/projects/SistemadeGestaodeTarefas/backend/src/server.ts
Error: Cannot find module 'config'
Require stack:
- /home/joaomenezes/Documents/projects/SistemadeGestaodeTarefas/backend/src/shared/core/http-server.ts
- /home/joaomenezes/Documents/projects/SistemadeGestaodeTarefas/backend/src/server.ts
    at Function.Module._resolveFilename (node:internal/modules/cjs/loader:1028:15)
    at Function.Module._load (node:internal/modules/cjs/loader:873:27)
    at Module.require (node:internal/modules/cjs/loader:1100:19)
    at require (node:internal/modules/cjs/helpers:119:18)
    at Object.<anonymous> (/home/joaomenezes/Documents/projects/SistemadeGestaodeTarefas/backend/src/shared/core/http-server.ts:10:16)
    at Module._compile (node:internal/modules/cjs/loader:1198:14)
    at Module._compile (/home/joaomenezes/Documents/projects/SistemadeGestaodeTarefas/backend/node_modules/source-map-support/source-map-support.js:568:25)
    at Module.m._compile (/tmp/ts-node-dev-hook-42003870028375556.js:69:33)
    at Module._extensions..js (node:internal/modules/cjs/loader:1252:10)
    at require.extensions..jsx.require.extensions..js (/tmp/ts-node-dev-hook-42003870028375556.js:114:20))
2024-09-09T11:02:03.578-03:00 - error: uncaughtException: Cannot find module 'config'
Require stack:
- /home/joaomenezes/Documents/projects/SistemadeGestaodeTarefas/backend/src/shared/core/http-server.ts
- /home/joaomenezes/Documents/projects/SistemadeGestaodeTarefas/backend/src/server.ts
Error: Cannot find module 'config'
Require stack:
- /home/joaomenezes/Documents/projects/SistemadeGestaodeTarefas/backend/src/shared/core/http-server.ts
- /home/joaomenezes/Documents/projects/SistemadeGestaodeTarefas/backend/src/server.ts
    at Function.Module._resolveFilename (node:internal/modules/cjs/loader:1028:15)
    at Function.Module._load (node:internal/modules/cjs/loader:873:27)
    at Module.require (node:internal/modules/cjs/loader:1100:19)
    at require (node:internal/modules/cjs/helpers:119:18)
    at Object.<anonymous> (/home/joaomenezes/Documents/projects/SistemadeGestaodeTarefas/backend/src/shared/core/http-server.ts:10:16)
    at Module._compile (node:internal/modules/cjs/loader:1198:14)
    at Module._compile (/home/joaomenezes/Documents/projects/SistemadeGestaodeTarefas/backend/node_modules/source-map-support/source-map-support.js:568:25)
    at Module.m._compile (/tmp/ts-node-dev-hook-2669759278990682.js:69:33)
    at Module._extensions..js (node:internal/modules/cjs/loader:1252:10)
    at require.extensions..jsx.require.extensions..js (/tmp/ts-node-dev-hook-2669759278990682.js:114:20))
2024-09-09T11:03:00.860-03:00 - error: uncaughtException: Cannot find module 'config'
Require stack:
- /home/joaomenezes/Documents/projects/SistemadeGestaodeTarefas/backend/src/shared/core/http-server.ts
- /home/joaomenezes/Documents/projects/SistemadeGestaodeTarefas/backend/src/server.ts
Error: Cannot find module 'config'
Require stack:
- /home/joaomenezes/Documents/projects/SistemadeGestaodeTarefas/backend/src/shared/core/http-server.ts
- /home/joaomenezes/Documents/projects/SistemadeGestaodeTarefas/backend/src/server.ts
    at Function.Module._resolveFilename (node:internal/modules/cjs/loader:1028:15)
    at Function.Module._load (node:internal/modules/cjs/loader:873:27)
    at Module.require (node:internal/modules/cjs/loader:1100:19)
    at require (node:internal/modules/cjs/helpers:119:18)
    at Object.<anonymous> (/home/joaomenezes/Documents/projects/SistemadeGestaodeTarefas/backend/src/shared/core/http-server.ts:10:16)
    at Module._compile (node:internal/modules/cjs/loader:1198:14)
    at Module._compile (/home/joaomenezes/Documents/projects/SistemadeGestaodeTarefas/backend/node_modules/source-map-support/source-map-support.js:568:25)
    at Module.m._compile (/tmp/ts-node-dev-hook-02524564084058456.js:69:33)
    at Module._extensions..js (node:internal/modules/cjs/loader:1252:10)
    at require.extensions..jsx.require.extensions..js (/tmp/ts-node-dev-hook-02524564084058456.js:114:20))
